# JRE version: OpenJDK Runtime Environment (11.0.10) (build 11.0.10+0-b96-7249189)
# Java VM: OpenJDK 64-Bit Server VM (11.0.10+0-b96-7249189, mixed mode, tiered, compressed oops, g1 gc, windows-amd64)
Heap:
 garbage-first heap   total 533504K, used 202005K [0x0000000080000000, 0x0000000100000000)
  region size 1024K, 18 young (18432K), 18 survivors (18432K)
 Metaspace       used 95695K, capacity 98547K, committed 98816K, reserved 1134592K
  class space    used 12423K, capacity 13493K, committed 13568K, reserved 1048576K
GC Heap History (20 events):
Event: 22.995 GC heap after
{Heap after GC invocations=52 (full 0):
 garbage-first heap   total 328704K, used 153933K [0x0000000080000000, 0x0000000100000000)
  region size 1024K, 8 young (8192K), 8 survivors (8192K)
 Metaspace       used 92936K, capacity 95498K, committed 95872K, reserved 1132544K
  class space    used 12075K, capacity 13028K, committed 13184K, reserved 1048576K
}
Event: 23.313 GC heap before
{Heap before GC invocations=52 (full 0):
 garbage-first heap   total 328704K, used 285005K [0x0000000080000000, 0x0000000100000000)
  region size 1024K, 136 young (139264K), 8 survivors (8192K)
 Metaspace       used 92942K, capacity 95562K, committed 95872K, reserved 1132544K
  class space    used 12075K, capacity 13028K, committed 13184K, reserved 1048576K
}
Event: 23.323 GC heap after
{Heap after GC invocations=53 (full 0):
 garbage-first heap   total 328704K, used 155883K [0x0000000080000000, 0x0000000100000000)
  region size 1024K, 10 young (10240K), 10 survivors (10240K)
 Metaspace       used 92942K, capacity 95562K, committed 95872K, reserved 1132544K
  class space    used 12075K, capacity 13028K, committed 13184K, reserved 1048576K
}
Event: 23.639 GC heap before
{Heap before GC invocations=53 (full 0):
 garbage-first heap   total 328704K, used 283883K [0x0000000080000000, 0x0000000100000000)
  region size 1024K, 135 young (138240K), 10 survivors (10240K)
 Metaspace       used 92953K, capacity 95562K, committed 95872K, reserved 1132544K
  class space    used 12075K, capacity 13028K, committed 13184K, reserved 1048576K
}
Event: 23.653 GC heap after
{Heap after GC invocations=54 (full 0):
 garbage-first heap   total 395264K, used 158129K [0x0000000080000000, 0x0000000100000000)
  region size 1024K, 10 young (10240K), 10 survivors (10240K)
 Metaspace       used 92953K, capacity 95562K, committed 95872K, reserved 1132544K
  class space    used 12075K, capacity 13028K, committed 13184K, reserved 1048576K
}
Event: 24.076 GC heap before
{Heap before GC invocations=54 (full 0):
 garbage-first heap   total 395264K, used 314801K [0x0000000080000000, 0x0000000100000000)
  region size 1024K, 163 young (166912K), 10 survivors (10240K)
 Metaspace       used 92957K, capacity 95562K, committed 95872K, reserved 1132544K
  class space    used 12075K, capacity 13028K, committed 13184K, reserved 1048576K
}
Event: 24.092 GC heap after
{Heap after GC invocations=55 (full 0):
 garbage-first heap   total 395264K, used 160103K [0x0000000080000000, 0x0000000100000000)
  region size 1024K, 12 young (12288K), 12 survivors (12288K)
 Metaspace       used 92957K, capacity 95562K, committed 95872K, reserved 1132544K
  class space    used 12075K, capacity 13028K, committed 13184K, reserved 1048576K
}
Event: 24.545 GC heap before
{Heap before GC invocations=55 (full 0):
 garbage-first heap   total 395264K, used 323943K [0x0000000080000000, 0x0000000100000000)
  region size 1024K, 172 young (176128K), 12 survivors (12288K)
 Metaspace       used 93218K, capacity 95835K, committed 96128K, reserved 1132544K
  class space    used 12115K, capacity 13075K, committed 13184K, reserved 1048576K
}
Event: 24.560 GC heap after
{Heap after GC invocations=56 (full 0):
 garbage-first heap   total 395264K, used 163344K [0x0000000080000000, 0x0000000100000000)
  region size 1024K, 14 young (14336K), 14 survivors (14336K)
 Metaspace       used 93218K, capacity 95835K, committed 96128K, reserved 1132544K
  class space    used 12115K, capacity 13075K, committed 13184K, reserved 1048576K
}
Event: 24.965 GC heap before
{Heap before GC invocations=56 (full 0):
 garbage-first heap   total 395264K, used 332304K [0x0000000080000000, 0x0000000100000000)
  region size 1024K, 179 young (183296K), 14 survivors (14336K)
 Metaspace       used 93232K, capacity 95843K, committed 96128K, reserved 1132544K
  class space    used 12116K, capacity 13078K, committed 13184K, reserved 1048576K
}
Event: 24.979 GC heap after
{Heap after GC invocations=57 (full 0):
 garbage-first heap   total 395264K, used 166521K [0x0000000080000000, 0x0000000100000000)
  region size 1024K, 15 young (15360K), 15 survivors (15360K)
 Metaspace       used 93232K, capacity 95843K, committed 96128K, reserved 1132544K
  class space    used 12116K, capacity 13078K, committed 13184K, reserved 1048576K
}
Event: 25.416 GC heap before
{Heap before GC invocations=57 (full 0):
 garbage-first heap   total 395264K, used 338553K [0x0000000080000000, 0x0000000100000000)
  region size 1024K, 183 young (187392K), 15 survivors (15360K)
 Metaspace       used 93486K, capacity 96142K, committed 96384K, reserved 1132544K
  class space    used 12140K, capacity 13133K, committed 13184K, reserved 1048576K
}
Event: 25.433 GC heap after
{Heap after GC invocations=58 (full 0):
 garbage-first heap   total 463872K, used 168274K [0x0000000080000000, 0x0000000100000000)
  region size 1024K, 13 young (13312K), 13 survivors (13312K)
 Metaspace       used 93486K, capacity 96142K, committed 96384K, reserved 1132544K
  class space    used 12140K, capacity 13133K, committed 13184K, reserved 1048576K
}
Event: 26.498 GC heap before
{Heap before GC invocations=58 (full 0):
 garbage-first heap   total 463872K, used 404818K [0x0000000080000000, 0x0000000100000000)
  region size 1024K, 242 young (247808K), 13 survivors (13312K)
 Metaspace       used 95521K, capacity 98417K, committed 98560K, reserved 1134592K
  class space    used 12413K, capacity 13484K, committed 13568K, reserved 1048576K
}
Event: 26.518 GC heap after
{Heap after GC invocations=59 (full 0):
 garbage-first heap   total 463872K, used 170834K [0x0000000080000000, 0x0000000100000000)
  region size 1024K, 15 young (15360K), 15 survivors (15360K)
 Metaspace       used 95521K, capacity 98417K, committed 98560K, reserved 1134592K
  class space    used 12413K, capacity 13484K, committed 13568K, reserved 1048576K
}
Event: 27.372 GC heap before
{Heap before GC invocations=59 (full 0):
 garbage-first heap   total 463872K, used 400210K [0x0000000080000000, 0x0000000100000000)
  region size 1024K, 238 young (243712K), 15 survivors (15360K)
 Metaspace       used 95638K, capacity 98526K, committed 98816K, reserved 1134592K
  class space    used 12419K, capacity 13488K, committed 13568K, reserved 1048576K
}
Event: 27.404 GC heap after
{Heap after GC invocations=60 (full 0):
 garbage-first heap   total 463872K, used 188331K [0x0000000080000000, 0x0000000100000000)
  region size 1024K, 30 young (30720K), 30 survivors (30720K)
 Metaspace       used 95638K, capacity 98526K, committed 98816K, reserved 1134592K
  class space    used 12419K, capacity 13488K, committed 13568K, reserved 1048576K
}
Event: 28.044 GC heap before
{Heap before GC invocations=60 (full 0):
 garbage-first heap   total 463872K, used 385963K [0x0000000080000000, 0x0000000100000000)
  region size 1024K, 223 young (228352K), 30 survivors (30720K)
 Metaspace       used 95684K, capacity 98547K, committed 98816K, reserved 1134592K
  class space    used 12423K, capacity 13493K, committed 13568K, reserved 1048576K
}
Event: 28.073 GC heap after
{Heap after GC invocations=61 (full 0):
 garbage-first heap   total 463872K, used 190741K [0x0000000080000000, 0x0000000100000000)
  region size 1024K, 7 young (7168K), 7 survivors (7168K)
 Metaspace       used 95684K, capacity 98547K, committed 98816K, reserved 1134592K
  class space    used 12423K, capacity 13493K, committed 13568K, reserved 1048576K
}
Event: 28.623 GC heap before
{Heap before GC invocations=61 (full 0):
 garbage-first heap   total 463872K, used 390421K [0x0000000080000000, 0x0000000100000000)
  region size 1024K, 202 young (206848K), 7 survivors (7168K)
 Metaspace       used 95695K, capacity 98547K, committed 98816K, reserved 1134592K
  class space    used 12423K, capacity 13493K, committed 13568K, reserved 1048576K
}

