# JRE version: OpenJDK Runtime Environment (11.0.10) (build 11.0.10+0-b96-7249189)
# Java VM: OpenJDK 64-Bit Server VM (11.0.10+0-b96-7249189, mixed mode, tiered, compressed oops, g1 gc, windows-amd64)
Heap:
 garbage-first heap   total 427008K, used 195735K [0x0000000080000000, 0x0000000100000000)
  region size 1024K, 15 young (15360K), 15 survivors (15360K)
 Metaspace       used 162597K, capacity 167554K, committed 171560K, reserved 1200128K
  class space    used 19434K, capacity 21186K, committed 21964K, reserved 1048576K
GC Heap History (20 events):
Event: 7799.393 GC heap after
{Heap after GC invocations=249 (full 0):
 garbage-first heap   total 291840K, used 179477K [0x0000000080000000, 0x0000000100000000)
  region size 1024K, 2 young (2048K), 2 survivors (2048K)
 Metaspace       used 162313K, capacity 167301K, committed 171560K, reserved 1200128K
  class space    used 19425K, capacity 21170K, committed 21964K, reserved 1048576K
}
Event: 7799.593 GC heap before
{Heap before GC invocations=249 (full 0):
 garbage-first heap   total 291840K, used 231701K [0x0000000080000000, 0x0000000100000000)
  region size 1024K, 54 young (55296K), 2 survivors (2048K)
 Metaspace       used 162359K, capacity 167303K, committed 171560K, reserved 1200128K
  class space    used 19425K, capacity 21170K, committed 21964K, reserved 1048576K
}
Event: 7799.603 GC heap after
{Heap after GC invocations=250 (full 0):
 garbage-first heap   total 291840K, used 180350K [0x0000000080000000, 0x0000000100000000)
  region size 1024K, 3 young (3072K), 3 survivors (3072K)
 Metaspace       used 162359K, capacity 167303K, committed 171560K, reserved 1200128K
  class space    used 19425K, capacity 21170K, committed 21964K, reserved 1048576K
}
Event: 7799.984 GC heap before
{Heap before GC invocations=250 (full 0):
 garbage-first heap   total 291840K, used 236670K [0x0000000080000000, 0x0000000100000000)
  region size 1024K, 58 young (59392K), 3 survivors (3072K)
 Metaspace       used 162392K, capacity 167379K, committed 171560K, reserved 1200128K
  class space    used 19427K, capacity 21173K, committed 21964K, reserved 1048576K
}
Event: 7799.991 GC heap after
{Heap after GC invocations=251 (full 0):
 garbage-first heap   total 291840K, used 181663K [0x0000000080000000, 0x0000000100000000)
  region size 1024K, 4 young (4096K), 4 survivors (4096K)
 Metaspace       used 162392K, capacity 167379K, committed 171560K, reserved 1200128K
  class space    used 19427K, capacity 21173K, committed 21964K, reserved 1048576K
}
Event: 7800.175 GC heap before
{Heap before GC invocations=252 (full 0):
 garbage-first heap   total 291840K, used 239007K [0x0000000080000000, 0x0000000100000000)
  region size 1024K, 60 young (61440K), 4 survivors (4096K)
 Metaspace       used 162413K, capacity 167379K, committed 171560K, reserved 1200128K
  class space    used 19427K, capacity 21173K, committed 21964K, reserved 1048576K
}
Event: 7800.183 GC heap after
{Heap after GC invocations=253 (full 0):
 garbage-first heap   total 291840K, used 183192K [0x0000000080000000, 0x0000000100000000)
  region size 1024K, 6 young (6144K), 6 survivors (6144K)
 Metaspace       used 162413K, capacity 167379K, committed 171560K, reserved 1200128K
  class space    used 19427K, capacity 21173K, committed 21964K, reserved 1048576K
}
Event: 7800.221 GC heap before
{Heap before GC invocations=253 (full 0):
 garbage-first heap   total 291840K, used 191384K [0x0000000080000000, 0x0000000100000000)
  region size 1024K, 14 young (14336K), 6 survivors (6144K)
 Metaspace       used 162416K, capacity 167379K, committed 171560K, reserved 1200128K
  class space    used 19427K, capacity 21173K, committed 21964K, reserved 1048576K
}
Event: 7800.231 GC heap after
{Heap after GC invocations=254 (full 0):
 garbage-first heap   total 291840K, used 180733K [0x0000000080000000, 0x0000000100000000)
  region size 1024K, 1 young (1024K), 1 survivors (1024K)
 Metaspace       used 162416K, capacity 167379K, committed 171560K, reserved 1200128K
  class space    used 19427K, capacity 21173K, committed 21964K, reserved 1048576K
}
Event: 7800.420 GC heap before
{Heap before GC invocations=254 (full 0):
 garbage-first heap   total 291840K, used 241149K [0x0000000080000000, 0x0000000100000000)
  region size 1024K, 60 young (61440K), 1 survivors (1024K)
 Metaspace       used 162443K, capacity 167446K, committed 171560K, reserved 1200128K
  class space    used 19427K, capacity 21173K, committed 21964K, reserved 1048576K
}
Event: 7800.428 GC heap after
{Heap after GC invocations=255 (full 0):
 garbage-first heap   total 291840K, used 181574K [0x0000000080000000, 0x0000000100000000)
  region size 1024K, 2 young (2048K), 2 survivors (2048K)
 Metaspace       used 162443K, capacity 167446K, committed 171560K, reserved 1200128K
  class space    used 19427K, capacity 21173K, committed 21964K, reserved 1048576K
}
Event: 7800.848 GC heap before
{Heap before GC invocations=255 (full 0):
 garbage-first heap   total 291840K, used 243014K [0x0000000080000000, 0x0000000100000000)
  region size 1024K, 62 young (63488K), 2 survivors (2048K)
 Metaspace       used 162478K, capacity 167454K, committed 171560K, reserved 1200128K
  class space    used 19428K, capacity 21176K, committed 21964K, reserved 1048576K
}
Event: 7800.855 GC heap after
{Heap after GC invocations=256 (full 0):
 garbage-first heap   total 357376K, used 182255K [0x0000000080000000, 0x0000000100000000)
  region size 1024K, 3 young (3072K), 3 survivors (3072K)
 Metaspace       used 162478K, capacity 167454K, committed 171560K, reserved 1200128K
  class space    used 19428K, capacity 21176K, committed 21964K, reserved 1048576K
}
Event: 7801.159 GC heap before
{Heap before GC invocations=257 (full 0):
 garbage-first heap   total 357376K, used 275439K [0x0000000080000000, 0x0000000100000000)
  region size 1024K, 94 young (96256K), 3 survivors (3072K)
 Metaspace       used 162498K, capacity 167455K, committed 171560K, reserved 1200128K
  class space    used 19428K, capacity 21176K, committed 21964K, reserved 1048576K
}
Event: 7801.167 GC heap after
{Heap after GC invocations=258 (full 0):
 garbage-first heap   total 357376K, used 183904K [0x0000000080000000, 0x0000000100000000)
  region size 1024K, 4 young (4096K), 4 survivors (4096K)
 Metaspace       used 162498K, capacity 167455K, committed 171560K, reserved 1200128K
  class space    used 19428K, capacity 21176K, committed 21964K, reserved 1048576K
}
Event: 7801.435 GC heap before
{Heap before GC invocations=258 (full 0):
 garbage-first heap   total 357376K, used 289376K [0x0000000080000000, 0x0000000100000000)
  region size 1024K, 107 young (109568K), 4 survivors (4096K)
 Metaspace       used 162525K, capacity 167531K, committed 171560K, reserved 1200128K
  class space    used 19431K, capacity 21180K, committed 21964K, reserved 1048576K
}
Event: 7801.443 GC heap after
{Heap after GC invocations=259 (full 0):
 garbage-first heap   total 357376K, used 186672K [0x0000000080000000, 0x0000000100000000)
  region size 1024K, 7 young (7168K), 7 survivors (7168K)
 Metaspace       used 162525K, capacity 167531K, committed 171560K, reserved 1200128K
  class space    used 19431K, capacity 21180K, committed 21964K, reserved 1048576K
}
Event: 7801.983 GC heap before
{Heap before GC invocations=260 (full 0):
 garbage-first heap   total 357376K, used 292144K [0x0000000080000000, 0x0000000100000000)
  region size 1024K, 111 young (113664K), 7 survivors (7168K)
 Metaspace       used 162585K, capacity 167554K, committed 171560K, reserved 1200128K
  class space    used 19434K, capacity 21186K, committed 21964K, reserved 1048576K
}
Event: 7801.996 GC heap after
{Heap after GC invocations=261 (full 0):
 garbage-first heap   total 357376K, used 185994K [0x0000000080000000, 0x0000000100000000)
  region size 1024K, 6 young (6144K), 6 survivors (6144K)
 Metaspace       used 162585K, capacity 167554K, committed 171560K, reserved 1200128K
  class space    used 19434K, capacity 21186K, committed 21964K, reserved 1048576K
}
Event: 7802.255 GC heap before
{Heap before GC invocations=261 (full 0):
 garbage-first heap   total 357376K, used 296586K [0x0000000080000000, 0x0000000100000000)
  region size 1024K, 115 young (117760K), 6 survivors (6144K)
 Metaspace       used 162597K, capacity 167554K, committed 171560K, reserved 1200128K
  class space    used 19434K, capacity 21186K, committed 21964K, reserved 1048576K
}

