# JRE version: OpenJDK Runtime Environment (11.0.10) (build 11.0.10+0-b96-7249189)
# Java VM: OpenJDK 64-Bit Server VM (11.0.10+0-b96-7249189, mixed mode, tiered, compressed oops, g1 gc, windows-amd64)
Heap:
 garbage-first heap   total 535552K, used 282380K [0x0000000080000000, 0x0000000100000000)
  region size 1024K, 54 young (55296K), 11 survivors (11264K)
 Metaspace       used 95821K, capacity 98657K, committed 98764K, reserved 1134592K
  class space    used 12433K, capacity 13505K, committed 13568K, reserved 1048576K
GC Heap History (20 events):
Event: 28.175 GC heap before
{Heap before GC invocations=59 (full 0):
 garbage-first heap   total 535552K, used 442869K [0x0000000080000000, 0x0000000100000000)
  region size 1024K, 255 young (261120K), 21 survivors (21504K)
 Metaspace       used 95713K, capacity 98626K, committed 98764K, reserved 1134592K
  class space    used 12428K, capacity 13499K, committed 13568K, reserved 1048576K
}
Event: 28.189 GC heap after
{Heap after GC invocations=60 (full 0):
 garbage-first heap   total 535552K, used 202579K [0x0000000080000000, 0x0000000100000000)
  region size 1024K, 13 young (13312K), 13 survivors (13312K)
 Metaspace       used 95713K, capacity 98626K, committed 98764K, reserved 1134592K
  class space    used 12428K, capacity 13499K, committed 13568K, reserved 1048576K
}
Event: 28.745 GC heap before
{Heap before GC invocations=60 (full 0):
 garbage-first heap   total 535552K, used 443219K [0x0000000080000000, 0x0000000100000000)
  region size 1024K, 249 young (254976K), 13 survivors (13312K)
 Metaspace       used 95733K, capacity 98631K, committed 98764K, reserved 1134592K
  class space    used 12429K, capacity 13499K, committed 13568K, reserved 1048576K
}
Event: 28.770 GC heap after
{Heap after GC invocations=61 (full 0):
 garbage-first heap   total 535552K, used 221523K [0x0000000080000000, 0x0000000100000000)
  region size 1024K, 32 young (32768K), 32 survivors (32768K)
 Metaspace       used 95733K, capacity 98631K, committed 98764K, reserved 1134592K
  class space    used 12429K, capacity 13499K, committed 13568K, reserved 1048576K
}
Event: 29.275 GC heap before
{Heap before GC invocations=61 (full 0):
 garbage-first heap   total 535552K, used 436563K [0x0000000080000000, 0x0000000100000000)
  region size 1024K, 242 young (247808K), 32 survivors (32768K)
 Metaspace       used 95755K, capacity 98640K, committed 98764K, reserved 1134592K
  class space    used 12430K, capacity 13502K, committed 13568K, reserved 1048576K
}
Event: 29.295 GC heap after
{Heap after GC invocations=62 (full 0):
 garbage-first heap   total 535552K, used 216797K [0x0000000080000000, 0x0000000100000000)
  region size 1024K, 11 young (11264K), 11 survivors (11264K)
 Metaspace       used 95755K, capacity 98640K, committed 98764K, reserved 1134592K
  class space    used 12430K, capacity 13502K, committed 13568K, reserved 1048576K
}
Event: 29.783 GC heap before
{Heap before GC invocations=62 (full 0):
 garbage-first heap   total 535552K, used 437981K [0x0000000080000000, 0x0000000100000000)
  region size 1024K, 227 young (232448K), 11 survivors (11264K)
 Metaspace       used 95769K, capacity 98644K, committed 98764K, reserved 1134592K
  class space    used 12430K, capacity 13502K, committed 13568K, reserved 1048576K
}
Event: 29.794 GC heap after
{Heap after GC invocations=63 (full 0):
 garbage-first heap   total 535552K, used 220381K [0x0000000080000000, 0x0000000100000000)
  region size 1024K, 14 young (14336K), 14 survivors (14336K)
 Metaspace       used 95769K, capacity 98644K, committed 98764K, reserved 1134592K
  class space    used 12430K, capacity 13502K, committed 13568K, reserved 1048576K
}
Event: 30.246 GC heap before
{Heap before GC invocations=63 (full 0):
 garbage-first heap   total 535552K, used 440541K [0x0000000080000000, 0x0000000100000000)
  region size 1024K, 229 young (234496K), 14 survivors (14336K)
 Metaspace       used 95781K, capacity 98645K, committed 98764K, reserved 1134592K
  class space    used 12430K, capacity 13502K, committed 13568K, reserved 1048576K
}
Event: 30.259 GC heap after
{Heap after GC invocations=64 (full 0):
 garbage-first heap   total 535552K, used 222941K [0x0000000080000000, 0x0000000100000000)
  region size 1024K, 17 young (17408K), 17 survivors (17408K)
 Metaspace       used 95781K, capacity 98645K, committed 98764K, reserved 1134592K
  class space    used 12430K, capacity 13502K, committed 13568K, reserved 1048576K
}
Event: 30.776 GC heap before
{Heap before GC invocations=64 (full 0):
 garbage-first heap   total 535552K, used 441053K [0x0000000080000000, 0x0000000100000000)
  region size 1024K, 230 young (235520K), 17 survivors (17408K)
 Metaspace       used 95793K, capacity 98646K, committed 98764K, reserved 1134592K
  class space    used 12430K, capacity 13502K, committed 13568K, reserved 1048576K
}
Event: 30.793 GC heap after
{Heap after GC invocations=65 (full 0):
 garbage-first heap   total 535552K, used 230507K [0x0000000080000000, 0x0000000100000000)
  region size 1024K, 22 young (22528K), 22 survivors (22528K)
 Metaspace       used 95793K, capacity 98646K, committed 98764K, reserved 1134592K
  class space    used 12430K, capacity 13502K, committed 13568K, reserved 1048576K
}
Event: 31.213 GC heap before
{Heap before GC invocations=65 (full 0):
 garbage-first heap   total 535552K, used 440427K [0x0000000080000000, 0x0000000100000000)
  region size 1024K, 227 young (232448K), 22 survivors (22528K)
 Metaspace       used 95797K, capacity 98646K, committed 98764K, reserved 1134592K
  class space    used 12430K, capacity 13502K, committed 13568K, reserved 1048576K
}
Event: 31.232 GC heap after
{Heap after GC invocations=66 (full 0):
 garbage-first heap   total 535552K, used 232524K [0x0000000080000000, 0x0000000100000000)
  region size 1024K, 14 young (14336K), 14 survivors (14336K)
 Metaspace       used 95797K, capacity 98646K, committed 98764K, reserved 1134592K
  class space    used 12430K, capacity 13502K, committed 13568K, reserved 1048576K
}
Event: 31.637 GC heap before
{Heap before GC invocations=66 (full 0):
 garbage-first heap   total 535552K, used 440396K [0x0000000080000000, 0x0000000100000000)
  region size 1024K, 217 young (222208K), 14 survivors (14336K)
 Metaspace       used 95809K, capacity 98650K, committed 98764K, reserved 1134592K
  class space    used 12432K, capacity 13503K, committed 13568K, reserved 1048576K
}
Event: 31.653 GC heap after
{Heap after GC invocations=67 (full 0):
 garbage-first heap   total 535552K, used 238156K [0x0000000080000000, 0x0000000100000000)
  region size 1024K, 19 young (19456K), 19 survivors (19456K)
 Metaspace       used 95809K, capacity 98650K, committed 98764K, reserved 1134592K
  class space    used 12432K, capacity 13503K, committed 13568K, reserved 1048576K
}
Event: 32.104 GC heap before
{Heap before GC invocations=67 (full 0):
 garbage-first heap   total 535552K, used 443980K [0x0000000080000000, 0x0000000100000000)
  region size 1024K, 220 young (225280K), 19 survivors (19456K)
 Metaspace       used 95817K, capacity 98657K, committed 98764K, reserved 1134592K
  class space    used 12433K, capacity 13505K, committed 13568K, reserved 1048576K
}
Event: 32.117 GC heap after
{Heap after GC invocations=68 (full 0):
 garbage-first heap   total 535552K, used 237328K [0x0000000080000000, 0x0000000100000000)
  region size 1024K, 9 young (9216K), 9 survivors (9216K)
 Metaspace       used 95817K, capacity 98657K, committed 98764K, reserved 1134592K
  class space    used 12433K, capacity 13505K, committed 13568K, reserved 1048576K
}
Event: 32.604 GC heap before
{Heap before GC invocations=68 (full 0):
 garbage-first heap   total 535552K, used 449296K [0x0000000080000000, 0x0000000100000000)
  region size 1024K, 216 young (221184K), 9 survivors (9216K)
 Metaspace       used 95820K, capacity 98657K, committed 98764K, reserved 1134592K
  class space    used 12433K, capacity 13505K, committed 13568K, reserved 1048576K
}
Event: 32.616 GC heap after
{Heap after GC invocations=69 (full 0):
 garbage-first heap   total 535552K, used 239372K [0x0000000080000000, 0x0000000100000000)
  region size 1024K, 11 young (11264K), 11 survivors (11264K)
 Metaspace       used 95820K, capacity 98657K, committed 98764K, reserved 1134592K
  class space    used 12433K, capacity 13505K, committed 13568K, reserved 1048576K
}

